{"\/Users\/michaelsoileau\/Sites\/oopPHP\/public\/src\/AbstractClass.php":{"path":"\/Users\/michaelsoileau\/Sites\/oopPHP\/public\/src\/AbstractClass.php","s":{"1":1,"2":1,"3":1,"4":1,"5":0,"6":0,"7":0,"8":1},"f":{"1":1,"2":1,"3":0,"4":0,"5":0,"6":1},"b":[],"statementMap":{"1":{"start":{"line":5,"column":0},"end":{"line":5,"column":1}},"2":{"start":{"line":28,"column":0},"end":{"line":28,"column":34}},"3":{"start":{"line":37,"column":0},"end":{"line":37,"column":41}},"4":{"start":{"line":38,"column":0},"end":{"line":38,"column":22}},"5":{"start":{"line":46,"column":0},"end":{"line":46,"column":39}},"6":{"start":{"line":55,"column":0},"end":{"line":55,"column":50}},"7":{"start":{"line":56,"column":0},"end":{"line":56,"column":22}},"8":{"start":{"line":69,"column":0},"end":{"line":69,"column":1}}},"fnMap":{"1":{"name":"getMyVariable","line":26,"loc":{"start":{"line":26,"column":0},"end":{"line":29,"column":false}}},"2":{"name":"setMyVariable","line":35,"loc":{"start":{"line":35,"column":0},"end":{"line":39,"column":false}}},"3":{"name":"getHiddenVariable","line":44,"loc":{"start":{"line":44,"column":0},"end":{"line":47,"column":false}}},"4":{"name":"setHiddenVariable","line":53,"loc":{"start":{"line":53,"column":0},"end":{"line":57,"column":false}}},"5":{"name":"getData","line":62,"loc":{"start":{"line":62,"column":0},"end":{"line":62,"column":false}}},"6":{"name":"getFinalFunction","line":67,"loc":{"start":{"line":67,"column":0},"end":{"line":70,"column":false}}}},"branchMap":[]},"\/Users\/michaelsoileau\/Sites\/oopPHP\/public\/src\/ChapterOne\/BeginnerTest.php":{"path":"\/Users\/michaelsoileau\/Sites\/oopPHP\/public\/src\/ChapterOne\/BeginnerTest.php","s":{"1":0,"2":1,"3":1,"4":1},"f":{"1":1,"2":1,"3":1},"b":[],"statementMap":{"1":{"start":{"line":5,"column":0},"end":{"line":5,"column":1}},"2":{"start":{"line":20,"column":0},"end":{"line":20,"column":21}},"3":{"start":{"line":28,"column":0},"end":{"line":28,"column":22}},"4":{"start":{"line":37,"column":0},"end":{"line":37,"column":25}}},"fnMap":{"1":{"name":"isTrue","line":18,"loc":{"start":{"line":18,"column":0},"end":{"line":21,"column":false}}},"2":{"name":"isFalse","line":26,"loc":{"start":{"line":26,"column":0},"end":{"line":29,"column":false}}},"3":{"name":"isBool","line":35,"loc":{"start":{"line":35,"column":0},"end":{"line":38,"column":false}}}},"branchMap":[]},"\/Users\/michaelsoileau\/Sites\/oopPHP\/public\/src\/ChapterThree\/AddCalc.php":{"path":"\/Users\/michaelsoileau\/Sites\/oopPHP\/public\/src\/ChapterThree\/AddCalc.php","s":{"1":1,"2":1,"3":1},"f":{"1":1,"2":1},"b":[],"statementMap":{"1":{"start":{"line":7,"column":0},"end":{"line":7,"column":1}},"2":{"start":{"line":24,"column":0},"end":{"line":24,"column":33}},"3":{"start":{"line":33,"column":0},"end":{"line":33,"column":33}}},"fnMap":{"1":{"name":"addInt","line":22,"loc":{"start":{"line":22,"column":0},"end":{"line":25,"column":false}}},"2":{"name":"addFloat","line":31,"loc":{"start":{"line":31,"column":0},"end":{"line":34,"column":false}}}},"branchMap":[]},"\/Users\/michaelsoileau\/Sites\/oopPHP\/public\/src\/ChapterThree\/ClassConstantOne.php":{"path":"\/Users\/michaelsoileau\/Sites\/oopPHP\/public\/src\/ChapterThree\/ClassConstantOne.php","s":{"1":0},"f":[],"b":[],"statementMap":{"1":{"start":{"line":5,"column":0},"end":{"line":5,"column":1}}},"fnMap":[],"branchMap":[]},"\/Users\/michaelsoileau\/Sites\/oopPHP\/public\/src\/ChapterThree\/ClassConstantTwo.php":{"path":"\/Users\/michaelsoileau\/Sites\/oopPHP\/public\/src\/ChapterThree\/ClassConstantTwo.php","s":{"1":0},"f":[],"b":[],"statementMap":{"1":{"start":{"line":5,"column":0},"end":{"line":5,"column":1}}},"fnMap":[],"branchMap":[]},"\/Users\/michaelsoileau\/Sites\/oopPHP\/public\/src\/ChapterThree\/SubtractCalc.php":{"path":"\/Users\/michaelsoileau\/Sites\/oopPHP\/public\/src\/ChapterThree\/SubtractCalc.php","s":{"1":0,"2":0,"3":0,"4":0,"5":0,"6":0,"7":0,"8":0,"9":0},"f":{"1":0,"2":0,"3":0,"4":0,"5":0,"6":0},"b":[],"statementMap":{"1":{"start":{"line":8,"column":0},"end":{"line":8,"column":1}},"2":{"start":{"line":27,"column":0},"end":{"line":27,"column":35}},"3":{"start":{"line":35,"column":0},"end":{"line":35,"column":54}},"4":{"start":{"line":44,"column":0},"end":{"line":44,"column":56}},"5":{"start":{"line":52,"column":0},"end":{"line":52,"column":31}},"6":{"start":{"line":62,"column":0},"end":{"line":62,"column":52}},"7":{"start":{"line":63,"column":0},"end":{"line":63,"column":4}},"8":{"start":{"line":73,"column":0},"end":{"line":73,"column":52}},"9":{"start":{"line":74,"column":0},"end":{"line":74,"column":4}}},"fnMap":{"1":{"name":"__construct","line":25,"loc":{"start":{"line":25,"column":0},"end":{"line":28,"column":false}}},"2":{"name":"addInt","line":33,"loc":{"start":{"line":33,"column":0},"end":{"line":36,"column":false}}},"3":{"name":"addFloat","line":42,"loc":{"start":{"line":42,"column":0},"end":{"line":45,"column":false}}},"4":{"name":"getAddCalc","line":50,"loc":{"start":{"line":50,"column":0},"end":{"line":53,"column":false}}},"5":{"name":"subtractInt","line":59,"loc":{"start":{"line":59,"column":0},"end":{"line":64,"column":false}}},"6":{"name":"subtractFloat","line":70,"loc":{"start":{"line":70,"column":0},"end":{"line":75,"column":false}}}},"branchMap":[]},"\/Users\/michaelsoileau\/Sites\/oopPHP\/public\/src\/ChapterTwo\/GenericClass.php":{"path":"\/Users\/michaelsoileau\/Sites\/oopPHP\/public\/src\/ChapterTwo\/GenericClass.php","s":{"1":0,"2":2,"3":2,"4":2},"f":{"1":2,"2":2},"b":[],"statementMap":{"1":{"start":{"line":5,"column":0},"end":{"line":5,"column":1}},"2":{"start":{"line":24,"column":0},"end":{"line":24,"column":36}},"3":{"start":{"line":33,"column":0},"end":{"line":33,"column":45}},"4":{"start":{"line":34,"column":0},"end":{"line":34,"column":22}}},"fnMap":{"1":{"name":"getIntProperty","line":22,"loc":{"start":{"line":22,"column":0},"end":{"line":25,"column":false}}},"2":{"name":"setIntProperty","line":31,"loc":{"start":{"line":31,"column":0},"end":{"line":35,"column":false}}}},"branchMap":[]},"\/Users\/michaelsoileau\/Sites\/oopPHP\/public\/src\/ChildAbstractClass.php":{"path":"\/Users\/michaelsoileau\/Sites\/oopPHP\/public\/src\/ChildAbstractClass.php","s":{"1":1,"2":0,"3":1,"4":1,"5":1},"f":{"1":0,"2":1},"b":[],"statementMap":{"1":{"start":{"line":5,"column":0},"end":{"line":5,"column":1}},"2":{"start":{"line":24,"column":0},"end":{"line":24,"column":38}},"3":{"start":{"line":32,"column":0},"end":{"line":32,"column":2}},"4":{"start":{"line":33,"column":0},"end":{"line":33,"column":48}},"5":{"start":{"line":34,"column":0},"end":{"line":34,"column":1}}},"fnMap":{"1":{"name":"getData","line":19,"loc":{"start":{"line":19,"column":0},"end":{"line":25,"column":false}}},"2":{"name":"getMyVariable","line":30,"loc":{"start":{"line":30,"column":0},"end":{"line":35,"column":false}}}},"branchMap":[]},"\/Users\/michaelsoileau\/Sites\/oopPHP\/public\/src\/Contracts\/AddContract.php":{"path":"\/Users\/michaelsoileau\/Sites\/oopPHP\/public\/src\/Contracts\/AddContract.php","s":{"1":1},"f":[],"b":[],"statementMap":{"1":{"start":{"line":5,"column":0},"end":{"line":5,"column":1}}},"fnMap":[],"branchMap":[]},"\/Users\/michaelsoileau\/Sites\/oopPHP\/public\/src\/Contracts\/SubtractContract.php":{"path":"\/Users\/michaelsoileau\/Sites\/oopPHP\/public\/src\/Contracts\/SubtractContract.php","s":{"1":0},"f":[],"b":[],"statementMap":{"1":{"start":{"line":5,"column":0},"end":{"line":5,"column":1}}},"fnMap":[],"branchMap":[]},"\/Users\/michaelsoileau\/Sites\/oopPHP\/public\/src\/DynamicProperty.php":{"path":"\/Users\/michaelsoileau\/Sites\/oopPHP\/public\/src\/DynamicProperty.php","s":{"1":1,"2":1,"3":1},"f":{"1":1,"2":1},"b":[],"statementMap":{"1":{"start":{"line":5,"column":0},"end":{"line":5,"column":1}},"2":{"start":{"line":19,"column":0},"end":{"line":19,"column":1}},"3":{"start":{"line":26,"column":0},"end":{"line":26,"column":39}}},"fnMap":{"1":{"name":"__construct","line":17,"loc":{"start":{"line":17,"column":0},"end":{"line":20,"column":false}}},"2":{"name":"getDynamicProperty","line":24,"loc":{"start":{"line":24,"column":0},"end":{"line":27,"column":false}}}},"branchMap":[]},"\/Users\/michaelsoileau\/Sites\/oopPHP\/public\/src\/Exceptions\/ErrorExceptionHandler.php":{"path":"\/Users\/michaelsoileau\/Sites\/oopPHP\/public\/src\/Exceptions\/ErrorExceptionHandler.php","s":{"1":0,"2":0,"3":0,"4":0},"f":{"1":0,"2":0},"b":[],"statementMap":{"1":{"start":{"line":6,"column":0},"end":{"line":6,"column":1}},"2":{"start":{"line":19,"column":0},"end":{"line":19,"column":3}},"3":{"start":{"line":35,"column":0},"end":{"line":35,"column":26}},"4":{"start":{"line":37,"column":0},"end":{"line":37,"column":95}}},"fnMap":{"1":{"name":"__construct","line":17,"loc":{"start":{"line":17,"column":0},"end":{"line":20,"column":false}}},"2":{"name":"errorHandler","line":31,"loc":{"start":{"line":31,"column":0},"end":{"line":38,"column":false}}}},"branchMap":[]},"\/Users\/michaelsoileau\/Sites\/oopPHP\/public\/src\/MagicClass.php":{"path":"\/Users\/michaelsoileau\/Sites\/oopPHP\/public\/src\/MagicClass.php","s":{"1":0,"2":0,"3":0,"4":0,"5":0,"6":0,"7":0,"8":0,"9":0,"10":0,"11":0,"12":0,"13":0,"14":0,"15":0,"16":0,"17":0,"18":0,"19":0,"20":0},"f":{"1":0,"2":0,"3":0,"4":0,"5":0,"6":0,"7":0,"8":0,"9":0,"10":0,"11":0,"12":0,"13":0,"14":0,"15":0,"16":0,"17":0},"b":[],"statementMap":{"1":{"start":{"line":6,"column":0},"end":{"line":6,"column":1}},"2":{"start":{"line":41,"column":0},"end":{"line":41,"column":11}},"3":{"start":{"line":42,"column":0},"end":{"line":42,"column":31}},"4":{"start":{"line":50,"column":0},"end":{"line":50,"column":11}},"5":{"start":{"line":61,"column":0},"end":{"line":61,"column":62}},"6":{"start":{"line":71,"column":0},"end":{"line":71,"column":34}},"7":{"start":{"line":79,"column":0},"end":{"line":79,"column":1}},"8":{"start":{"line":88,"column":0},"end":{"line":88,"column":38}},"9":{"start":{"line":96,"column":0},"end":{"line":96,"column":43}},"10":{"start":{"line":104,"column":0},"end":{"line":104,"column":36}},"11":{"start":{"line":115,"column":0},"end":{"line":115,"column":2}},"12":{"start":{"line":125,"column":0},"end":{"line":125,"column":11}},"13":{"start":{"line":133,"column":0},"end":{"line":133,"column":1}},"14":{"start":{"line":141,"column":0},"end":{"line":141,"column":22}},"15":{"start":{"line":149,"column":0},"end":{"line":149,"column":37}},"16":{"start":{"line":159,"column":0},"end":{"line":159,"column":33}},"17":{"start":{"line":161,"column":0},"end":{"line":161,"column":21}},"18":{"start":{"line":169,"column":0},"end":{"line":169,"column":41}},"19":{"start":{"line":177,"column":0},"end":{"line":177,"column":1}},"20":{"start":{"line":185,"column":0},"end":{"line":185,"column":30}}},"fnMap":{"1":{"name":"__construct","line":39,"loc":{"start":{"line":39,"column":0},"end":{"line":43,"column":false}}},"2":{"name":"__destruct","line":48,"loc":{"start":{"line":48,"column":0},"end":{"line":51,"column":false}}},"3":{"name":"__call","line":58,"loc":{"start":{"line":58,"column":0},"end":{"line":63,"column":false}}},"4":{"name":"__callStatic","line":69,"loc":{"start":{"line":69,"column":0},"end":{"line":72,"column":false}}},"5":{"name":"__get","line":77,"loc":{"start":{"line":77,"column":0},"end":{"line":80,"column":false}}},"6":{"name":"__set","line":86,"loc":{"start":{"line":86,"column":0},"end":{"line":89,"column":false}}},"7":{"name":"__isset","line":94,"loc":{"start":{"line":94,"column":0},"end":{"line":97,"column":false}}},"8":{"name":"__unset","line":102,"loc":{"start":{"line":102,"column":0},"end":{"line":105,"column":false}}},"9":{"name":"__sleep","line":113,"loc":{"start":{"line":113,"column":0},"end":{"line":116,"column":false}}},"10":{"name":"__wakeup","line":123,"loc":{"start":{"line":123,"column":0},"end":{"line":126,"column":false}}},"11":{"name":"__toString","line":131,"loc":{"start":{"line":131,"column":0},"end":{"line":134,"column":false}}},"12":{"name":"__invoke","line":139,"loc":{"start":{"line":139,"column":0},"end":{"line":142,"column":false}}},"13":{"name":"__debugInfo","line":147,"loc":{"start":{"line":147,"column":0},"end":{"line":150,"column":false}}},"14":{"name":"__set_state","line":156,"loc":{"start":{"line":156,"column":0},"end":{"line":162,"column":false}}},"15":{"name":"__clone","line":167,"loc":{"start":{"line":167,"column":0},"end":{"line":170,"column":false}}},"16":{"name":"getRandom","line":175,"loc":{"start":{"line":175,"column":0},"end":{"line":178,"column":false}}},"17":{"name":"getName","line":183,"loc":{"start":{"line":183,"column":0},"end":{"line":186,"column":false}}}},"branchMap":[]},"\/Users\/michaelsoileau\/Sites\/oopPHP\/public\/src\/OutOfScope.php":{"path":"\/Users\/michaelsoileau\/Sites\/oopPHP\/public\/src\/OutOfScope.php","s":{"1":1,"2":1,"3":1},"f":{"1":1,"2":1},"b":[],"statementMap":{"1":{"start":{"line":5,"column":0},"end":{"line":5,"column":1}},"2":{"start":{"line":24,"column":0},"end":{"line":24,"column":72}},"3":{"start":{"line":33,"column":0},"end":{"line":33,"column":38}}},"fnMap":{"1":{"name":"__get","line":22,"loc":{"start":{"line":22,"column":0},"end":{"line":25,"column":false}}},"2":{"name":"__set","line":31,"loc":{"start":{"line":31,"column":0},"end":{"line":34,"column":false}}}},"branchMap":[]},"\/Users\/michaelsoileau\/Sites\/oopPHP\/public\/src\/OutOfScopeReference.php":{"path":"\/Users\/michaelsoileau\/Sites\/oopPHP\/public\/src\/OutOfScopeReference.php","s":{"1":1,"2":1,"3":1,"4":2,"5":1},"f":{"1":2,"2":1},"b":[],"statementMap":{"1":{"start":{"line":5,"column":0},"end":{"line":5,"column":1}},"2":{"start":{"line":25,"column":0},"end":{"line":25,"column":43}},"3":{"start":{"line":27,"column":0},"end":{"line":27,"column":27}},"4":{"start":{"line":29,"column":0},"end":{"line":29,"column":23}},"5":{"start":{"line":38,"column":0},"end":{"line":38,"column":38}}},"fnMap":{"1":{"name":"&__get","line":22,"loc":{"start":{"line":22,"column":0},"end":{"line":30,"column":false}}},"2":{"name":"__set","line":36,"loc":{"start":{"line":36,"column":0},"end":{"line":39,"column":false}}}},"branchMap":[]},"\/Users\/michaelsoileau\/Sites\/oopPHP\/public\/src\/ToString.php":{"path":"\/Users\/michaelsoileau\/Sites\/oopPHP\/public\/src\/ToString.php","s":{"1":1,"2":1},"f":{"1":1},"b":[],"statementMap":{"1":{"start":{"line":5,"column":0},"end":{"line":5,"column":1}},"2":{"start":{"line":18,"column":0},"end":{"line":18,"column":1}}},"fnMap":{"1":{"name":"__toString","line":16,"loc":{"start":{"line":16,"column":0},"end":{"line":19,"column":false}}}},"branchMap":[]}}