{"\/home\/vagrant\/oopphp\/public\/src\/BeginnerTest.php":{"path":"\/home\/vagrant\/oopphp\/public\/src\/BeginnerTest.php","s":{"1":0,"2":1,"3":1,"4":1},"f":{"1":1,"2":1,"3":1},"b":[],"statementMap":{"1":{"start":{"line":5,"column":0},"end":{"line":5,"column":1}},"2":{"start":{"line":18,"column":0},"end":{"line":18,"column":21}},"3":{"start":{"line":26,"column":0},"end":{"line":26,"column":22}},"4":{"start":{"line":35,"column":0},"end":{"line":35,"column":25}}},"fnMap":{"1":{"name":"isTrue","line":16,"loc":{"start":{"line":16,"column":0},"end":{"line":19,"column":false}}},"2":{"name":"isFalse","line":24,"loc":{"start":{"line":24,"column":0},"end":{"line":27,"column":false}}},"3":{"name":"isBool","line":33,"loc":{"start":{"line":33,"column":0},"end":{"line":36,"column":false}}}},"branchMap":[]}}