TN:
SF:/home/vagrant/oopphp/public/src/AddCalc.php
FN:21,addInt
FN:30,addFloat
FNF:2
FNH:1
FNDA:1,addInt
FNDA:0,addFloat
DA:7,0
DA:23,1
DA:32,0
LF:3
LH:1
BRF:0
BRH:0
end_of_record
TN:
SF:/home/vagrant/oopphp/public/src/BeginnerTest.php
FN:17,isTrue
FN:25,isFalse
FN:34,isBool
FNF:3
FNH:3
FNDA:1,isTrue
FNDA:1,isFalse
FNDA:1,isBool
DA:5,0
DA:19,1
DA:27,1
DA:36,1
LF:4
LH:3
BRF:0
BRH:0
end_of_record
TN:
SF:/home/vagrant/oopphp/public/src/Contracts/AddContract.php
FNF:0
FNH:0
DA:5,0
LF:1
LH:0
BRF:0
BRH:0
end_of_record
TN:
SF:/home/vagrant/oopphp/public/src/GenericClass.php
FN:21,getIntProperty
FN:30,setIntProperty
FNF:2
FNH:2
FNDA:2,getIntProperty
FNDA:2,setIntProperty
DA:5,0
DA:23,2
DA:32,2
DA:33,2
LF:4
LH:3
BRF:0
BRH:0
end_of_record
