TN:
SF:/home/vagrant/oopphp/public/src/AddCalc.php
FN:22,addInt
FN:31,addFloat
FNF:2
FNH:2
FNDA:2,addInt
FNDA:2,addFloat
DA:7,1
DA:24,2
DA:33,2
LF:3
LH:3
BRF:0
BRH:0
end_of_record
TN:
SF:/home/vagrant/oopphp/public/src/BeginnerTest.php
FN:18,isTrue
FN:26,isFalse
FN:35,isBool
FNF:3
FNH:3
FNDA:1,isTrue
FNDA:1,isFalse
FNDA:1,isBool
DA:5,0
DA:20,1
DA:28,1
DA:37,1
LF:4
LH:3
BRF:0
BRH:0
end_of_record
TN:
SF:/home/vagrant/oopphp/public/src/Contracts/AddContract.php
FNF:0
FNH:0
DA:5,1
LF:1
LH:1
BRF:0
BRH:0
end_of_record
TN:
SF:/home/vagrant/oopphp/public/src/Contracts/SubtractContract.php
FNF:0
FNH:0
DA:5,1
LF:1
LH:1
BRF:0
BRH:0
end_of_record
TN:
SF:/home/vagrant/oopphp/public/src/DynamicProperty.php
FN:17,__construct
FN:24,getDynamicProperty
FNF:2
FNH:2
FNDA:1,__construct
FNDA:1,getDynamicProperty
DA:5,1
DA:19,1
DA:26,1
LF:3
LH:3
BRF:0
BRH:0
end_of_record
TN:
SF:/home/vagrant/oopphp/public/src/GenericClass.php
FN:21,getIntProperty
FN:30,setIntProperty
FNF:2
FNH:2
FNDA:2,getIntProperty
FNDA:2,setIntProperty
DA:5,0
DA:23,2
DA:32,2
DA:33,2
LF:4
LH:3
BRF:0
BRH:0
end_of_record
TN:
SF:/home/vagrant/oopphp/public/src/OutOfScope.php
FN:22,__get
FN:31,__set
FNF:2
FNH:2
FNDA:1,__get
FNDA:1,__set
DA:5,1
DA:24,1
DA:33,1
LF:3
LH:3
BRF:0
BRH:0
end_of_record
TN:
SF:/home/vagrant/oopphp/public/src/OutOfScopeReference.php
FN:22,&__get
FN:36,__set
FNF:2
FNH:2
FNDA:1,&__get
FNDA:1,__set
DA:5,1
DA:25,1
DA:27,0
DA:29,1
DA:38,1
LF:5
LH:4
BRF:0
BRH:0
end_of_record
TN:
SF:/home/vagrant/oopphp/public/src/SubtractCalc.php
FN:25,__construct
FN:33,addInt
FN:42,addFloat
FN:50,getAddCalc
FN:59,subtractInt
FN:70,subtractFloat
FNF:6
FNH:6
FNDA:4,__construct
FNDA:1,addInt
FNDA:1,addFloat
FNDA:2,getAddCalc
FNDA:1,subtractInt
FNDA:1,subtractFloat
DA:8,1
DA:27,4
DA:35,1
DA:44,1
DA:52,2
DA:62,1
DA:63,1
DA:73,1
DA:74,1
LF:9
LH:9
BRF:0
BRH:0
end_of_record
TN:
SF:/home/vagrant/oopphp/public/src/ToString.php
FN:16,__toString
FNF:1
FNH:1
FNDA:1,__toString
DA:5,1
DA:18,1
LF:2
LH:2
BRF:0
BRH:0
end_of_record
