<?xml version="1.0" encoding="UTF-8"?>
<coverage generated="1479595399">
  <project timestamp="1479595399">
    <package name="Oopphp\ChapterEight">
      <file name="/Users/michaelsoileau/Sites/oopPHP/Oopphp/src/ChapterEight/Auth.php">
        <class name="Auth" namespace="Oopphp\ChapterEight" fullPackage="Oopphp" package="Oopphp">
          <metrics complexity="6" methods="5" coveredmethods="5" conditionals="0" coveredconditionals="0" statements="16" coveredstatements="16" elements="21" coveredelements="21"/>
        </class>
        <line num="12" type="stmt" count="1"/>
        <line num="27" type="method" name="getFileLocation" visibility="public" complexity="1" crap="1" count="3"/>
        <line num="29" type="stmt" count="3"/>
        <line num="36" type="method" name="setFileLocation" visibility="public" complexity="1" crap="1" count="1"/>
        <line num="38" type="stmt" count="1"/>
        <line num="39" type="stmt" count="1"/>
        <line num="46" type="method" name="__construct" visibility="public" complexity="2" crap="2" count="3"/>
        <line num="51" type="stmt" count="3"/>
        <line num="52" type="stmt" count="3"/>
        <line num="53" type="stmt" count="3"/>
        <line num="58" type="method" name="failAuth" visibility="public" complexity="1" crap="1" count="1"/>
        <line num="60" type="stmt" count="1"/>
        <line num="61" type="stmt" count="1"/>
        <line num="63" type="stmt" count="1"/>
        <line num="64" type="stmt" count="1"/>
        <line num="67" type="stmt" count="1"/>
        <line num="72" type="method" name="successAuth" visibility="public" complexity="1" crap="1" count="1"/>
        <line num="74" type="stmt" count="1"/>
        <line num="75" type="stmt" count="1"/>
        <line num="77" type="stmt" count="1"/>
        <line num="78" type="stmt" count="1"/>
        <line num="81" type="stmt" count="1"/>
        <metrics loc="82" ncloc="61" classes="1" methods="5" coveredmethods="5" conditionals="0" coveredconditionals="0" statements="17" coveredstatements="17" elements="22" coveredelements="22"/>
      </file>
    </package>
    <package name="Oopphp\ChapterFive">
      <file name="/Users/michaelsoileau/Sites/oopPHP/Oopphp/src/ChapterFive/DynamicProperty.php">
        <class name="DynamicProperty" namespace="Oopphp\ChapterFive" fullPackage="Oopphp" package="Oopphp">
          <metrics complexity="2" methods="2" coveredmethods="2" conditionals="0" coveredconditionals="0" statements="3" coveredstatements="3" elements="5" coveredelements="5"/>
        </class>
        <line num="5" type="stmt" count="1"/>
        <line num="17" type="method" name="__construct" visibility="public" complexity="1" crap="1" count="1"/>
        <line num="19" type="stmt" count="1"/>
        <line num="20" type="stmt" count="1"/>
        <line num="24" type="method" name="getDynamicProperty" visibility="public" complexity="1" crap="1" count="1"/>
        <line num="26" type="stmt" count="1"/>
        <metrics loc="28" ncloc="17" classes="1" methods="2" coveredmethods="2" conditionals="0" coveredconditionals="0" statements="4" coveredstatements="4" elements="6" coveredelements="6"/>
      </file>
      <file name="/Users/michaelsoileau/Sites/oopPHP/Oopphp/src/ChapterFive/OutOfScope.php">
        <class name="OutOfScope" namespace="Oopphp\ChapterFive" fullPackage="Oopphp" package="Oopphp">
          <metrics complexity="3" methods="2" coveredmethods="2" conditionals="0" coveredconditionals="0" statements="3" coveredstatements="3" elements="5" coveredelements="5"/>
        </class>
        <line num="5" type="stmt" count="1"/>
        <line num="22" type="method" name="__get" complexity="2" crap="2" count="1"/>
        <line num="24" type="stmt" count="1"/>
        <line num="31" type="method" name="__set" complexity="1" crap="1" count="1"/>
        <line num="33" type="stmt" count="1"/>
        <line num="34" type="stmt" count="1"/>
        <metrics loc="36" ncloc="21" classes="1" methods="2" coveredmethods="2" conditionals="0" coveredconditionals="0" statements="4" coveredstatements="4" elements="6" coveredelements="6"/>
      </file>
      <file name="/Users/michaelsoileau/Sites/oopPHP/Oopphp/src/ChapterFive/OutOfScopeReference.php">
        <class name="OutOfScopeReference" namespace="Oopphp\ChapterFive" fullPackage="Oopphp" package="Oopphp">
          <metrics complexity="3" methods="2" coveredmethods="2" conditionals="0" coveredconditionals="0" statements="6" coveredstatements="6" elements="8" coveredelements="8"/>
        </class>
        <line num="5" type="stmt" count="1"/>
        <line num="22" type="method" name="__get" complexity="2" crap="2" count="1"/>
        <line num="24" type="stmt" count="1"/>
        <line num="25" type="stmt" count="1"/>
        <line num="27" type="stmt" count="1"/>
        <line num="29" type="stmt" count="1"/>
        <line num="36" type="method" name="__set" complexity="1" crap="1" count="1"/>
        <line num="38" type="stmt" count="1"/>
        <line num="39" type="stmt" count="1"/>
        <metrics loc="41" ncloc="20" classes="1" methods="2" coveredmethods="2" conditionals="0" coveredconditionals="0" statements="7" coveredstatements="7" elements="9" coveredelements="9"/>
      </file>
    </package>
    <package name="Oopphp\ChapterFour">
      <file name="/Users/michaelsoileau/Sites/oopPHP/Oopphp/src/ChapterFour/AbstractClass.php">
        <class name="AbstractClass" namespace="Oopphp\ChapterFour" fullPackage="Oopphp" package="Oopphp">
          <metrics complexity="6" methods="5" coveredmethods="5" conditionals="0" coveredconditionals="0" statements="7" coveredstatements="7" elements="12" coveredelements="12"/>
        </class>
        <line num="5" type="stmt" count="1"/>
        <line num="26" type="method" name="getMyVariable" visibility="public" complexity="1" crap="1" count="1"/>
        <line num="28" type="stmt" count="1"/>
        <line num="35" type="method" name="setMyVariable" visibility="public" complexity="1" crap="1" count="1"/>
        <line num="37" type="stmt" count="1"/>
        <line num="38" type="stmt" count="1"/>
        <line num="44" type="method" name="getHiddenVariable" visibility="public" complexity="1" crap="1" count="1"/>
        <line num="46" type="stmt" count="1"/>
        <line num="53" type="method" name="setHiddenVariable" visibility="public" complexity="1" crap="1" count="1"/>
        <line num="55" type="stmt" count="1"/>
        <line num="56" type="stmt" count="1"/>
        <line num="67" type="method" name="getFinalFunction" visibility="public" complexity="1" crap="1" count="1"/>
        <line num="69" type="stmt" count="1"/>
        <metrics loc="72" ncloc="42" classes="1" methods="5" coveredmethods="5" conditionals="0" coveredconditionals="0" statements="8" coveredstatements="8" elements="13" coveredelements="13"/>
      </file>
      <file name="/Users/michaelsoileau/Sites/oopPHP/Oopphp/src/ChapterFour/ChildAbstractClass.php">
        <class name="ChildAbstractClass" namespace="Oopphp\ChapterFour" fullPackage="Oopphp" package="Oopphp">
          <metrics complexity="1" methods="1" coveredmethods="1" conditionals="0" coveredconditionals="0" statements="2" coveredstatements="2" elements="3" coveredelements="3"/>
        </class>
        <line num="5" type="stmt" count="1"/>
        <line num="19" type="method" name="getData" visibility="public" complexity="1" crap="1" count="1"/>
        <line num="22" type="stmt" count="1"/>
        <line num="23" type="stmt" count="1"/>
        <metrics loc="27" ncloc="17" classes="1" methods="1" coveredmethods="1" conditionals="0" coveredconditionals="0" statements="3" coveredstatements="3" elements="4" coveredelements="4"/>
      </file>
    </package>
    <package name="Oopphp\ChapterOne">
      <file name="/Users/michaelsoileau/Sites/oopPHP/Oopphp/src/ChapterOne/Beginner.php">
        <class name="Beginner" namespace="Oopphp\ChapterOne" fullPackage="Oopphp" package="Oopphp">
          <metrics complexity="3" methods="3" coveredmethods="3" conditionals="0" coveredconditionals="0" statements="3" coveredstatements="3" elements="6" coveredelements="6"/>
        </class>
        <line num="5" type="stmt" count="1"/>
        <line num="18" type="method" name="isTrue" visibility="public" complexity="1" crap="1" count="1"/>
        <line num="20" type="stmt" count="1"/>
        <line num="26" type="method" name="isFalse" visibility="public" complexity="1" crap="1" count="1"/>
        <line num="28" type="stmt" count="1"/>
        <line num="35" type="method" name="isBool" visibility="public" complexity="1" crap="1" count="1"/>
        <line num="37" type="stmt" count="1"/>
        <metrics loc="39" ncloc="24" classes="1" methods="3" coveredmethods="3" conditionals="0" coveredconditionals="0" statements="4" coveredstatements="4" elements="7" coveredelements="7"/>
      </file>
    </package>
    <package name="Oopphp\ChapterSix">
      <file name="/Users/michaelsoileau/Sites/oopPHP/Oopphp/src/ChapterSix/MagicMethodsClass.php">
        <class name="MagicMethodsClass" namespace="Oopphp\ChapterSix" fullPackage="Oopphp" package="Oopphp">
          <metrics complexity="22" methods="17" coveredmethods="17" conditionals="0" coveredconditionals="0" statements="26" coveredstatements="26" elements="43" coveredelements="43"/>
        </class>
        <line num="5" type="stmt" count="1"/>
        <line num="47" type="method" name="__construct" visibility="public" complexity="1" crap="1" count="9"/>
        <line num="49" type="stmt" count="9"/>
        <line num="50" type="stmt" count="9"/>
        <line num="56" type="method" name="__destruct" visibility="public" complexity="1" crap="1" count="9"/>
        <line num="58" type="stmt" count="9"/>
        <line num="59" type="stmt" count="9"/>
        <line num="67" type="method" name="__call" visibility="public" complexity="2" crap="2" count="2"/>
        <line num="69" type="stmt" count="2"/>
        <line num="70" type="stmt" count="1"/>
        <line num="72" type="stmt" count="1"/>
        <line num="81" type="method" name="__callStatic" visibility="public" complexity="1" crap="1" count="1"/>
        <line num="83" type="stmt" count="1"/>
        <line num="91" type="method" name="__get" visibility="public" complexity="2" crap="2" count="2"/>
        <line num="93" type="stmt" count="2"/>
        <line num="101" type="method" name="__set" visibility="public" complexity="1" crap="1" count="1"/>
        <line num="103" type="stmt" count="1"/>
        <line num="104" type="stmt" count="1"/>
        <line num="110" type="method" name="__isset" visibility="public" complexity="1" crap="1" count="1"/>
        <line num="112" type="stmt" count="1"/>
        <line num="119" type="method" name="__unset" visibility="public" complexity="1" crap="1" count="1"/>
        <line num="121" type="stmt" count="1"/>
        <line num="122" type="stmt" count="1"/>
        <line num="130" type="method" name="__sleep" visibility="public" complexity="1" crap="1" count="1"/>
        <line num="132" type="stmt" count="1"/>
        <line num="140" type="method" name="__wakeup" visibility="public" complexity="1" crap="1" count="1"/>
        <line num="142" type="stmt" count="1"/>
        <line num="143" type="stmt" count="1"/>
        <line num="148" type="method" name="__toString" visibility="public" complexity="1" crap="1" count="1"/>
        <line num="150" type="stmt" count="1"/>
        <line num="156" type="method" name="__invoke" visibility="public" complexity="1" crap="1" count="1"/>
        <line num="158" type="stmt" count="1"/>
        <line num="186" type="method" name="__clone" visibility="public" complexity="1" crap="1" count="9"/>
        <line num="188" type="stmt" count="9"/>
        <line num="194" type="method" name="getName" visibility="public" complexity="1" crap="1" count="1"/>
        <line num="196" type="stmt" count="1"/>
        <line num="202" type="method" name="getConnectionItems" visibility="public" complexity="1" crap="1" count="1"/>
        <line num="204" type="stmt" count="1"/>
        <line num="210" type="method" name="closeConnectionItemsOnDestroy" visibility="protected" complexity="1" crap="1" count="9"/>
        <line num="212" type="stmt" count="9"/>
        <line num="216" type="stmt" count="9"/>
        <line num="222" type="method" name="setConnectionItemsOnWakeup" visibility="protected" complexity="1" crap="1" count="1"/>
        <line num="224" type="stmt" count="1"/>
        <line num="228" type="stmt" count="1"/>
        <metrics loc="231" ncloc="132" classes="1" methods="17" coveredmethods="17" conditionals="0" coveredconditionals="0" statements="27" coveredstatements="27" elements="44" coveredelements="44"/>
      </file>
      <file name="/Users/michaelsoileau/Sites/oopPHP/Oopphp/src/ChapterSix/ToString.php">
        <class name="ToString" namespace="Oopphp\ChapterSix" fullPackage="Oopphp" package="Oopphp">
          <metrics complexity="1" methods="1" coveredmethods="1" conditionals="0" coveredconditionals="0" statements="1" coveredstatements="1" elements="2" coveredelements="2"/>
        </class>
        <line num="5" type="stmt" count="1"/>
        <line num="16" type="method" name="__toString" visibility="public" complexity="1" crap="1" count="1"/>
        <line num="18" type="stmt" count="1"/>
        <metrics loc="20" ncloc="13" classes="1" methods="1" coveredmethods="1" conditionals="0" coveredconditionals="0" statements="2" coveredstatements="2" elements="3" coveredelements="3"/>
      </file>
    </package>
    <package name="Oopphp\ChapterThree">
      <file name="/Users/michaelsoileau/Sites/oopPHP/Oopphp/src/ChapterThree/AddCalc.php">
        <class name="AddCalc" namespace="Oopphp\ChapterThree" fullPackage="Oopphp" package="Oopphp">
          <metrics complexity="2" methods="2" coveredmethods="2" conditionals="0" coveredconditionals="0" statements="2" coveredstatements="2" elements="4" coveredelements="4"/>
        </class>
        <line num="7" type="stmt" count="1"/>
        <line num="22" type="method" name="addInt" visibility="public" complexity="1" crap="1" count="4"/>
        <line num="24" type="stmt" count="4"/>
        <line num="31" type="method" name="addFloat" visibility="public" complexity="1" crap="1" count="3"/>
        <line num="33" type="stmt" count="3"/>
        <metrics loc="37" ncloc="23" classes="1" methods="2" coveredmethods="2" conditionals="0" coveredconditionals="0" statements="3" coveredstatements="3" elements="5" coveredelements="5"/>
      </file>
      <file name="/Users/michaelsoileau/Sites/oopPHP/Oopphp/src/ChapterThree/AddCalcDiff.php">
        <class name="AddCalcDiff" namespace="Oopphp\ChapterThree" fullPackage="Oopphp" package="Oopphp">
          <metrics complexity="3" methods="2" coveredmethods="2" conditionals="0" coveredconditionals="0" statements="4" coveredstatements="4" elements="6" coveredelements="6"/>
        </class>
        <line num="5" type="stmt" count="1"/>
        <line num="19" type="method" name="addInt" visibility="public" complexity="1" crap="1" count="2"/>
        <line num="22" type="stmt" count="2"/>
        <line num="23" type="stmt" count="2"/>
        <line num="32" type="method" name="anonymous function" complexity="1" crap="1" count="2"/>
        <line num="33" type="stmt" count="2"/>
        <line num="34" type="stmt" count="2"/>
        <metrics loc="37" ncloc="25" classes="1" methods="2" coveredmethods="2" conditionals="0" coveredconditionals="0" statements="5" coveredstatements="5" elements="7" coveredelements="7"/>
      </file>
      <file name="/Users/michaelsoileau/Sites/oopPHP/Oopphp/src/ChapterThree/CalcIterator.php">
        <class name="CalcIterator" namespace="Oopphp\ChapterThree" fullPackage="Oopphp" package="Oopphp">
          <metrics complexity="12" methods="11" coveredmethods="9" conditionals="0" coveredconditionals="0" statements="14" coveredstatements="11" elements="25" coveredelements="20"/>
        </class>
        <line num="8" type="stmt" count="1"/>
        <line num="32" type="method" name="__construct" visibility="public" complexity="2" crap="2" count="1"/>
        <line num="34" type="stmt" count="1"/>
        <line num="35" type="stmt" count="1"/>
        <line num="36" type="stmt" count="1"/>
        <line num="43" type="method" name="calc" visibility="public" complexity="1" crap="1" count="1"/>
        <line num="45" type="stmt" count="1"/>
        <line num="51" type="method" name="current" visibility="public" complexity="1" crap="1" count="1"/>
        <line num="53" type="stmt" count="1"/>
        <line num="59" type="method" name="next" visibility="public" complexity="1" crap="1" count="1"/>
        <line num="61" type="stmt" count="1"/>
        <line num="67" type="method" name="key" visibility="public" complexity="1" crap="1" count="1"/>
        <line num="69" type="stmt" count="1"/>
        <line num="75" type="method" name="valid" visibility="public" complexity="1" crap="1" count="1"/>
        <line num="77" type="stmt" count="1"/>
        <line num="83" type="method" name="rewind" visibility="public" complexity="1" crap="1" count="1"/>
        <line num="85" type="stmt" count="1"/>
        <line num="91" type="method" name="count" visibility="public" complexity="1" crap="1" count="1"/>
        <line num="93" type="stmt" count="1"/>
        <line num="99" type="method" name="getOperationClass" visibility="public" complexity="1" crap="2" count="0"/>
        <line num="101" type="stmt" count="0"/>
        <line num="108" type="method" name="setOperationClass" visibility="public" complexity="1" crap="2" count="0"/>
        <line num="110" type="stmt" count="0"/>
        <line num="111" type="stmt" count="0"/>
        <line num="117" type="method" name="getItemList" visibility="public" complexity="1" crap="1" count="1"/>
        <line num="119" type="stmt" count="1"/>
        <metrics loc="121" ncloc="73" classes="1" methods="11" coveredmethods="9" conditionals="0" coveredconditionals="0" statements="15" coveredstatements="12" elements="26" coveredelements="21"/>
      </file>
      <file name="/Users/michaelsoileau/Sites/oopPHP/Oopphp/src/ChapterThree/Calculator.php">
        <class name="Calculator" namespace="Oopphp\ChapterThree" fullPackage="Oopphp" package="Oopphp">
          <metrics complexity="12" methods="6" coveredmethods="6" conditionals="0" coveredconditionals="0" statements="19" coveredstatements="19" elements="25" coveredelements="25"/>
        </class>
        <line num="9" type="stmt" count="1"/>
        <line num="26" type="method" name="__construct" visibility="public" complexity="1" crap="1" count="6"/>
        <line num="28" type="stmt" count="6"/>
        <line num="29" type="stmt" count="6"/>
        <line num="38" type="method" name="calc" visibility="public" complexity="3" crap="3" count="6"/>
        <line num="40" type="stmt" count="6"/>
        <line num="41" type="stmt" count="2"/>
        <line num="43" type="stmt" count="4"/>
        <line num="44" type="stmt" count="3"/>
        <line num="46" type="stmt" count="1"/>
        <line num="55" type="method" name="subtractOperation" visibility="protected" complexity="3" crap="3" count="2"/>
        <line num="57" type="stmt" count="2"/>
        <line num="58" type="stmt" count="1"/>
        <line num="60" type="stmt" count="2"/>
        <line num="61" type="stmt" count="1"/>
        <line num="63" type="stmt" count="1"/>
        <line num="72" type="method" name="addOperation" visibility="protected" complexity="3" crap="3" count="3"/>
        <line num="74" type="stmt" count="3"/>
        <line num="75" type="stmt" count="2"/>
        <line num="77" type="stmt" count="2"/>
        <line num="78" type="stmt" count="1"/>
        <line num="80" type="stmt" count="1"/>
        <line num="87" type="method" name="badReturnType" visibility="protected" complexity="1" crap="1" count="2"/>
        <line num="89" type="stmt" count="2"/>
        <line num="96" type="method" name="badOperation" visibility="protected" complexity="1" crap="1" count="1"/>
        <line num="98" type="stmt" count="1"/>
        <metrics loc="101" ncloc="63" classes="1" methods="6" coveredmethods="6" conditionals="0" coveredconditionals="0" statements="20" coveredstatements="20" elements="26" coveredelements="26"/>
      </file>
      <file name="/Users/michaelsoileau/Sites/oopPHP/Oopphp/src/ChapterThree/ClassConstantOne.php">
        <class name="ClassConstantOne" namespace="Oopphp\ChapterThree" fullPackage="Oopphp" package="Oopphp">
          <metrics complexity="0" methods="0" coveredmethods="0" conditionals="0" coveredconditionals="0" statements="0" coveredstatements="0" elements="0" coveredelements="0"/>
        </class>
        <line num="5" type="stmt" count="1"/>
        <metrics loc="17" ncloc="10" classes="1" methods="0" coveredmethods="0" conditionals="0" coveredconditionals="0" statements="1" coveredstatements="1" elements="1" coveredelements="1"/>
      </file>
      <file name="/Users/michaelsoileau/Sites/oopPHP/Oopphp/src/ChapterThree/ClassConstantTwo.php">
        <class name="ClassConstantTwo" namespace="Oopphp\ChapterThree" fullPackage="Oopphp" package="Oopphp">
          <metrics complexity="0" methods="0" coveredmethods="0" conditionals="0" coveredconditionals="0" statements="0" coveredstatements="0" elements="0" coveredelements="0"/>
        </class>
        <line num="5" type="stmt" count="1"/>
        <metrics loc="17" ncloc="10" classes="1" methods="0" coveredmethods="0" conditionals="0" coveredconditionals="0" statements="1" coveredstatements="1" elements="1" coveredelements="1"/>
      </file>
      <file name="/Users/michaelsoileau/Sites/oopPHP/Oopphp/src/ChapterThree/SubtractCalc.php">
        <class name="SubtractCalc" namespace="Oopphp\ChapterThree" fullPackage="Oopphp" package="Oopphp">
          <metrics complexity="7" methods="6" coveredmethods="6" conditionals="0" coveredconditionals="0" statements="9" coveredstatements="9" elements="15" coveredelements="15"/>
        </class>
        <line num="8" type="stmt" count="1"/>
        <line num="25" type="method" name="__construct" visibility="public" complexity="1" crap="1" count="7"/>
        <line num="27" type="stmt" count="7"/>
        <line num="28" type="stmt" count="7"/>
        <line num="33" type="method" name="addInt" visibility="public" complexity="1" crap="1" count="3"/>
        <line num="35" type="stmt" count="3"/>
        <line num="42" type="method" name="addFloat" visibility="public" complexity="1" crap="1" count="2"/>
        <line num="44" type="stmt" count="2"/>
        <line num="50" type="method" name="getAddCalc" visibility="public" complexity="1" crap="1" count="3"/>
        <line num="52" type="stmt" count="3"/>
        <line num="59" type="method" name="subtractInt" visibility="public" complexity="1" crap="1" count="2"/>
        <line num="62" type="stmt" count="2"/>
        <line num="63" type="stmt" count="2"/>
        <line num="72" type="method" name="anonymous function" complexity="1" crap="1" count="2"/>
        <line num="73" type="stmt" count="2"/>
        <line num="74" type="stmt" count="2"/>
        <metrics loc="77" ncloc="47" classes="1" methods="6" coveredmethods="6" conditionals="0" coveredconditionals="0" statements="10" coveredstatements="10" elements="16" coveredelements="16"/>
      </file>
    </package>
    <package name="Oopphp\ChapterTwo">
      <file name="/Users/michaelsoileau/Sites/oopPHP/Oopphp/src/ChapterTwo/GenericClass.php">
        <class name="GenericClass" namespace="Oopphp\ChapterTwo" fullPackage="Oopphp" package="Oopphp">
          <metrics complexity="2" methods="2" coveredmethods="2" conditionals="0" coveredconditionals="0" statements="3" coveredstatements="3" elements="5" coveredelements="5"/>
        </class>
        <line num="5" type="stmt" count="1"/>
        <line num="22" type="method" name="getIntProperty" visibility="public" complexity="1" crap="1" count="1"/>
        <line num="24" type="stmt" count="1"/>
        <line num="31" type="method" name="setIntProperty" visibility="public" complexity="1" crap="1" count="1"/>
        <line num="33" type="stmt" count="1"/>
        <line num="34" type="stmt" count="1"/>
        <metrics loc="38" ncloc="23" classes="1" methods="2" coveredmethods="2" conditionals="0" coveredconditionals="0" statements="4" coveredstatements="4" elements="6" coveredelements="6"/>
      </file>
    </package>
    <file name="/Users/michaelsoileau/Sites/oopPHP/Oopphp/src/Contracts/AddContract.php">
      <line num="5" type="stmt" count="1"/>
      <metrics loc="24" ncloc="12" classes="0" methods="0" coveredmethods="0" conditionals="0" coveredconditionals="0" statements="1" coveredstatements="1" elements="1" coveredelements="1"/>
    </file>
    <file name="/Users/michaelsoileau/Sites/oopPHP/Oopphp/src/Contracts/IteratorContract.php">
      <line num="5" type="stmt" count="1"/>
      <metrics loc="14" ncloc="10" classes="0" methods="0" coveredmethods="0" conditionals="0" coveredconditionals="0" statements="1" coveredstatements="1" elements="1" coveredelements="1"/>
    </file>
    <file name="/Users/michaelsoileau/Sites/oopPHP/Oopphp/src/Contracts/OperationContract.php">
      <line num="5" type="stmt" count="1"/>
      <metrics loc="46" ncloc="20" classes="0" methods="0" coveredmethods="0" conditionals="0" coveredconditionals="0" statements="1" coveredstatements="1" elements="1" coveredelements="1"/>
    </file>
    <file name="/Users/michaelsoileau/Sites/oopPHP/Oopphp/src/Contracts/SubtractContract.php">
      <line num="5" type="stmt" count="1"/>
      <metrics loc="24" ncloc="12" classes="0" methods="0" coveredmethods="0" conditionals="0" coveredconditionals="0" statements="1" coveredstatements="1" elements="1" coveredelements="1"/>
    </file>
    <package name="Oopphp\Exceptions">
      <file name="/Users/michaelsoileau/Sites/oopPHP/Oopphp/src/Exceptions/ErrorExceptionHandler.php">
        <class name="ErrorExceptionHandler" namespace="Oopphp\Exceptions" fullPackage="Oopphp" package="Oopphp">
          <metrics complexity="3" methods="2" coveredmethods="2" conditionals="0" coveredconditionals="0" statements="5" coveredstatements="5" elements="7" coveredelements="7"/>
        </class>
        <line num="17" type="method" name="__construct" visibility="public" complexity="1" crap="1" count="1"/>
        <line num="19" type="stmt" count="1"/>
        <line num="20" type="stmt" count="1"/>
        <line num="31" type="method" name="errorHandler" visibility="public" complexity="2" crap="2" count="1"/>
        <line num="34" type="stmt" count="1"/>
        <line num="35" type="stmt" count="1"/>
        <line num="37" type="stmt" count="1"/>
        <metrics loc="39" ncloc="21" classes="1" methods="2" coveredmethods="2" conditionals="0" coveredconditionals="0" statements="5" coveredstatements="5" elements="7" coveredelements="7"/>
      </file>
    </package>
    <metrics files="22" loc="1168" ncloc="696" classes="18" methods="69" coveredmethods="67" conditionals="0" coveredconditionals="0" statements="144" coveredstatements="141" elements="213" coveredelements="208"/>
  </project>
</coverage>
